This is pdfTeX, Version 3.14159265-2.6-1.40.21 (MiKTeX 20.7) (preloaded format=pdflatex 2020.9.14)  21 SEP 2020 14:01
entering extended mode
**./lec04.tex
(lec04.tex
LaTeX2e <2020-02-02> patch level 5
L3 programming layer <2020-08-07> (C:\Users\leafy\AppData\Roaming\MiKTeX\2.9\te
x/latex/beamer\beamer.cls
Document Class: beamer 2020/07/22 v3.59 A class for typesetting presentations

(C:\Users\leafy\AppData\Roaming\MiKTeX\2.9\tex/latex/beamer\beamerbasemodes.sty
(C:\Users\leafy\AppData\Roaming\MiKTeX\2.9\tex/latex/etoolbox\etoolbox.sty
Package: etoolbox 2020/07/15 v2.5i e-TeX tools for LaTeX (JAW)
\etb@tempcnta=\count168
)
\beamer@tempbox=\box45
\beamer@tempcount=\count169
\c@beamerpauses=\count170

(C:\Users\leafy\AppData\Roaming\MiKTeX\2.9\tex/latex/beamer\beamerbasedecode.st
y
\beamer@slideinframe=\count171
\beamer@minimum=\count172
\beamer@decode@box=\box46
)
\beamer@commentbox=\box47
\beamer@modecount=\count173
) (C:\Users\leafy\AppData\Roaming\MiKTeX\2.9\tex/generic/iftex\ifpdf.sty
Package: ifpdf 2019/10/25 v3.4 ifpdf legacy package. Use iftex instead.
(C:\Users\leafy\AppData\Roaming\MiKTeX\2.9\tex/generic/iftex\iftex.sty
Package: iftex 2020/03/06 v1.0d TeX engine tests
))
\headdp=\dimen134
\footheight=\dimen135
\sidebarheight=\dimen136
\beamer@tempdim=\dimen137
\beamer@finalheight=\dimen138
\beamer@animht=\dimen139
\beamer@animdp=\dimen140
\beamer@animwd=\dimen141
\beamer@leftmargin=\dimen142
\beamer@rightmargin=\dimen143
\beamer@leftsidebar=\dimen144
\beamer@rightsidebar=\dimen145
\beamer@boxsize=\dimen146
\beamer@vboxoffset=\dimen147
\beamer@descdefault=\dimen148
\beamer@descriptionwidth=\dimen149
\beamer@lastskip=\skip47
\beamer@areabox=\box48
\beamer@animcurrent=\box49
\beamer@animshowbox=\box50
\beamer@sectionbox=\box51
\beamer@logobox=\box52
\beamer@linebox=\box53
\beamer@sectioncount=\count174
\beamer@subsubsectionmax=\count175
\beamer@subsectionmax=\count176
\beamer@sectionmax=\count177
\beamer@totalheads=\count178
\beamer@headcounter=\count179
\beamer@partstartpage=\count180
\beamer@sectionstartpage=\count181
\beamer@subsectionstartpage=\count182
\beamer@animationtempa=\count183
\beamer@animationtempb=\count184
\beamer@xpos=\count185
\beamer@ypos=\count186
\beamer@ypos@offset=\count187
\beamer@showpartnumber=\count188
\beamer@currentsubsection=\count189
\beamer@coveringdepth=\count190
\beamer@sectionadjust=\count191
\beamer@tocsectionnumber=\count192

(C:\Users\leafy\AppData\Roaming\MiKTeX\2.9\tex/latex/beamer\beamerbaseoptions.s
ty ("C:\Program Files\MiKTeX 2.9\tex/latex/graphics\keyval.sty"
Package: keyval 2014/10/28 v1.15 key=value parser (DPC)
\KV@toks@=\toks15
))
\beamer@paperwidth=\skip48
\beamer@paperheight=\skip49
("C:\Program Files\MiKTeX 2.9\tex/latex/geometry\geometry.sty"
Package: geometry 2020/01/02 v5.9 Page Geometry
(C:\Users\leafy\AppData\Roaming\MiKTeX\2.9\tex/generic/iftex\ifvtex.sty
Package: ifvtex 2019/10/25 v1.7 ifvtex legacy package. Use iftex instead.
)
\Gm@cnth=\count193
\Gm@cntv=\count194
\c@Gm@tempcnt=\count195
\Gm@bindingoffset=\dimen150
\Gm@wd@mp=\dimen151
\Gm@odd@mp=\dimen152
\Gm@even@mp=\dimen153
\Gm@layoutwidth=\dimen154
\Gm@layoutheight=\dimen155
\Gm@layouthoffset=\dimen156
\Gm@layoutvoffset=\dimen157
\Gm@dimlist=\toks16
("C:\Program Files\MiKTeX 2.9\tex/latex/geometry\geometry.cfg"))

Class beamer Warning: ``serif'' option is obsolete. Use font theme ``serif'' in
stead on input line 336.

("C:\Program Files\MiKTeX 2.9\tex/latex/base\size10.clo"
File: size10.clo 2019/12/20 v1.4l Standard LaTeX file (size option)
)
(C:\Users\leafy\AppData\Roaming\MiKTeX\2.9\tex/latex/pgf/basiclayer\pgfcore.sty
("C:\Program Files\MiKTeX 2.9\tex/latex/graphics\graphicx.sty"
Package: graphicx 2019/11/30 v1.2a Enhanced LaTeX Graphics (DPC,SPQR)
("C:\Program Files\MiKTeX 2.9\tex/latex/graphics\graphics.sty"
Package: graphics 2019/11/30 v1.4a Standard LaTeX Graphics (DPC,SPQR)
("C:\Program Files\MiKTeX 2.9\tex/latex/graphics\trig.sty"
Package: trig 2016/01/03 v1.10 sin cos tan (DPC)
) ("C:\Program Files\MiKTeX 2.9\tex/latex/graphics-cfg\graphics.cfg"
File: graphics.cfg 2016/06/04 v1.11 sample graphics configuration
)
Package graphics Info: Driver file: pdftex.def on input line 105.
("C:\Program Files\MiKTeX 2.9\tex/latex/graphics-def\pdftex.def"
File: pdftex.def 2018/01/08 v1.0l Graphics/color driver for pdftex
))
\Gin@req@height=\dimen158
\Gin@req@width=\dimen159
)
(C:\Users\leafy\AppData\Roaming\MiKTeX\2.9\tex/latex/pgf/systemlayer\pgfsys.sty
(C:\Users\leafy\AppData\Roaming\MiKTeX\2.9\tex/latex/pgf/utilities\pgfrcs.sty
(C:\Users\leafy\AppData\Roaming\MiKTeX\2.9\tex/generic/pgf/utilities\pgfutil-co
mmon.tex
\pgfutil@everybye=\toks17
\pgfutil@tempdima=\dimen160
\pgfutil@tempdimb=\dimen161

(C:\Users\leafy\AppData\Roaming\MiKTeX\2.9\tex/generic/pgf/utilities\pgfutil-co
mmon-lists.tex))
(C:\Users\leafy\AppData\Roaming\MiKTeX\2.9\tex/generic/pgf/utilities\pgfutil-la
tex.def
\pgfutil@abb=\box54
(C:\Users\leafy\AppData\Roaming\MiKTeX\2.9\tex/latex/ms\everyshi.sty
Package: everyshi 2001/05/15 v3.00 EveryShipout Package (MS)
))
(C:\Users\leafy\AppData\Roaming\MiKTeX\2.9\tex/generic/pgf/utilities\pgfrcs.cod
e.tex (C:\Users\leafy\AppData\Roaming\MiKTeX\2.9\tex/generic/pgf\pgf.revision.t
ex)
Package: pgfrcs 2020/01/08 v3.1.5b (3.1.5b)
))
(C:\Users\leafy\AppData\Roaming\MiKTeX\2.9\tex/generic/pgf/systemlayer\pgfsys.c
ode.tex
Package: pgfsys 2020/01/08 v3.1.5b (3.1.5b)

(C:\Users\leafy\AppData\Roaming\MiKTeX\2.9\tex/generic/pgf/utilities\pgfkeys.co
de.tex
\pgfkeys@pathtoks=\toks18
\pgfkeys@temptoks=\toks19

(C:\Users\leafy\AppData\Roaming\MiKTeX\2.9\tex/generic/pgf/utilities\pgfkeysfil
tered.code.tex
\pgfkeys@tmptoks=\toks20
))
\pgf@x=\dimen162
\pgf@y=\dimen163
\pgf@xa=\dimen164
\pgf@ya=\dimen165
\pgf@xb=\dimen166
\pgf@yb=\dimen167
\pgf@xc=\dimen168
\pgf@yc=\dimen169
\pgf@xd=\dimen170
\pgf@yd=\dimen171
\w@pgf@writea=\write3
\r@pgf@reada=\read2
\c@pgf@counta=\count196
\c@pgf@countb=\count197
\c@pgf@countc=\count198
\c@pgf@countd=\count199
\t@pgf@toka=\toks21
\t@pgf@tokb=\toks22
\t@pgf@tokc=\toks23
\pgf@sys@id@count=\count266
(C:\Users\leafy\AppData\Roaming\MiKTeX\2.9\tex/generic/pgf/systemlayer\pgf.cfg
File: pgf.cfg 2020/01/08 v3.1.5b (3.1.5b)
)
Driver file for pgf: pgfsys-pdftex.def

(C:\Users\leafy\AppData\Roaming\MiKTeX\2.9\tex/generic/pgf/systemlayer\pgfsys-p
dftex.def
File: pgfsys-pdftex.def 2020/01/08 v3.1.5b (3.1.5b)

(C:\Users\leafy\AppData\Roaming\MiKTeX\2.9\tex/generic/pgf/systemlayer\pgfsys-c
ommon-pdf.def
File: pgfsys-common-pdf.def 2020/01/08 v3.1.5b (3.1.5b)
)))
(C:\Users\leafy\AppData\Roaming\MiKTeX\2.9\tex/generic/pgf/systemlayer\pgfsysso
ftpath.code.tex
File: pgfsyssoftpath.code.tex 2020/01/08 v3.1.5b (3.1.5b)
\pgfsyssoftpath@smallbuffer@items=\count267
\pgfsyssoftpath@bigbuffer@items=\count268
)
(C:\Users\leafy\AppData\Roaming\MiKTeX\2.9\tex/generic/pgf/systemlayer\pgfsyspr
otocol.code.tex
File: pgfsysprotocol.code.tex 2020/01/08 v3.1.5b (3.1.5b)
)) (C:\Users\leafy\AppData\Roaming\MiKTeX\2.9\tex/latex/xcolor\xcolor.sty
Package: xcolor 2016/05/11 v2.12 LaTeX color extensions (UK)
("C:\Program Files\MiKTeX 2.9\tex/latex/graphics-cfg\color.cfg"
File: color.cfg 2016/01/02 v1.6 sample color configuration
)
Package xcolor Info: Driver file: pdftex.def on input line 225.
Package xcolor Info: Model `cmy' substituted by `cmy0' on input line 1348.
Package xcolor Info: Model `hsb' substituted by `rgb' on input line 1352.
Package xcolor Info: Model `RGB' extended on input line 1364.
Package xcolor Info: Model `HTML' substituted by `rgb' on input line 1366.
Package xcolor Info: Model `Hsb' substituted by `hsb' on input line 1367.
Package xcolor Info: Model `tHsb' substituted by `hsb' on input line 1368.
Package xcolor Info: Model `HSB' substituted by `hsb' on input line 1369.
Package xcolor Info: Model `Gray' substituted by `gray' on input line 1370.
Package xcolor Info: Model `wave' substituted by `hsb' on input line 1371.
)
(C:\Users\leafy\AppData\Roaming\MiKTeX\2.9\tex/generic/pgf/basiclayer\pgfcore.c
ode.tex
Package: pgfcore 2020/01/08 v3.1.5b (3.1.5b)

(C:\Users\leafy\AppData\Roaming\MiKTeX\2.9\tex/generic/pgf/math\pgfmath.code.te
x
(C:\Users\leafy\AppData\Roaming\MiKTeX\2.9\tex/generic/pgf/math\pgfmathcalc.cod
e.tex
(C:\Users\leafy\AppData\Roaming\MiKTeX\2.9\tex/generic/pgf/math\pgfmathutil.cod
e.tex)
(C:\Users\leafy\AppData\Roaming\MiKTeX\2.9\tex/generic/pgf/math\pgfmathparser.c
ode.tex
\pgfmath@dimen=\dimen172
\pgfmath@count=\count269
\pgfmath@box=\box55
\pgfmath@toks=\toks24
\pgfmath@stack@operand=\toks25
\pgfmath@stack@operation=\toks26
)
(C:\Users\leafy\AppData\Roaming\MiKTeX\2.9\tex/generic/pgf/math\pgfmathfunction
s.code.tex
(C:\Users\leafy\AppData\Roaming\MiKTeX\2.9\tex/generic/pgf/math\pgfmathfunction
s.basic.code.tex)
(C:\Users\leafy\AppData\Roaming\MiKTeX\2.9\tex/generic/pgf/math\pgfmathfunction
s.trigonometric.code.tex)
(C:\Users\leafy\AppData\Roaming\MiKTeX\2.9\tex/generic/pgf/math\pgfmathfunction
s.random.code.tex)
(C:\Users\leafy\AppData\Roaming\MiKTeX\2.9\tex/generic/pgf/math\pgfmathfunction
s.comparison.code.tex)
(C:\Users\leafy\AppData\Roaming\MiKTeX\2.9\tex/generic/pgf/math\pgfmathfunction
s.base.code.tex)
(C:\Users\leafy\AppData\Roaming\MiKTeX\2.9\tex/generic/pgf/math\pgfmathfunction
s.round.code.tex)
(C:\Users\leafy\AppData\Roaming\MiKTeX\2.9\tex/generic/pgf/math\pgfmathfunction
s.misc.code.tex)
(C:\Users\leafy\AppData\Roaming\MiKTeX\2.9\tex/generic/pgf/math\pgfmathfunction
s.integerarithmetics.code.tex)))
(C:\Users\leafy\AppData\Roaming\MiKTeX\2.9\tex/generic/pgf/math\pgfmathfloat.co
de.tex
\c@pgfmathroundto@lastzeros=\count270
))
(C:\Users\leafy\AppData\Roaming\MiKTeX\2.9\tex/generic/pgf/math\pgfint.code.tex
)
(C:\Users\leafy\AppData\Roaming\MiKTeX\2.9\tex/generic/pgf/basiclayer\pgfcorepo
ints.code.tex
File: pgfcorepoints.code.tex 2020/01/08 v3.1.5b (3.1.5b)
\pgf@picminx=\dimen173
\pgf@picmaxx=\dimen174
\pgf@picminy=\dimen175
\pgf@picmaxy=\dimen176
\pgf@pathminx=\dimen177
\pgf@pathmaxx=\dimen178
\pgf@pathminy=\dimen179
\pgf@pathmaxy=\dimen180
\pgf@xx=\dimen181
\pgf@xy=\dimen182
\pgf@yx=\dimen183
\pgf@yy=\dimen184
\pgf@zx=\dimen185
\pgf@zy=\dimen186
)
(C:\Users\leafy\AppData\Roaming\MiKTeX\2.9\tex/generic/pgf/basiclayer\pgfcorepa
thconstruct.code.tex
File: pgfcorepathconstruct.code.tex 2020/01/08 v3.1.5b (3.1.5b)
\pgf@path@lastx=\dimen187
\pgf@path@lasty=\dimen188
)
(C:\Users\leafy\AppData\Roaming\MiKTeX\2.9\tex/generic/pgf/basiclayer\pgfcorepa
thusage.code.tex
File: pgfcorepathusage.code.tex 2020/01/08 v3.1.5b (3.1.5b)
\pgf@shorten@end@additional=\dimen189
\pgf@shorten@start@additional=\dimen190
)
(C:\Users\leafy\AppData\Roaming\MiKTeX\2.9\tex/generic/pgf/basiclayer\pgfcoresc
opes.code.tex
File: pgfcorescopes.code.tex 2020/01/08 v3.1.5b (3.1.5b)
\pgfpic=\box56
\pgf@hbox=\box57
\pgf@layerbox@main=\box58
\pgf@picture@serial@count=\count271
)
(C:\Users\leafy\AppData\Roaming\MiKTeX\2.9\tex/generic/pgf/basiclayer\pgfcoregr
aphicstate.code.tex
File: pgfcoregraphicstate.code.tex 2020/01/08 v3.1.5b (3.1.5b)
\pgflinewidth=\dimen191
)
(C:\Users\leafy\AppData\Roaming\MiKTeX\2.9\tex/generic/pgf/basiclayer\pgfcoretr
ansformations.code.tex
File: pgfcoretransformations.code.tex 2020/01/08 v3.1.5b (3.1.5b)
\pgf@pt@x=\dimen192
\pgf@pt@y=\dimen193
\pgf@pt@temp=\dimen194
)
(C:\Users\leafy\AppData\Roaming\MiKTeX\2.9\tex/generic/pgf/basiclayer\pgfcorequ
ick.code.tex
File: pgfcorequick.code.tex 2020/01/08 v3.1.5b (3.1.5b)
)
(C:\Users\leafy\AppData\Roaming\MiKTeX\2.9\tex/generic/pgf/basiclayer\pgfcoreob
jects.code.tex
File: pgfcoreobjects.code.tex 2020/01/08 v3.1.5b (3.1.5b)
)
(C:\Users\leafy\AppData\Roaming\MiKTeX\2.9\tex/generic/pgf/basiclayer\pgfcorepa
thprocessing.code.tex
File: pgfcorepathprocessing.code.tex 2020/01/08 v3.1.5b (3.1.5b)
)
(C:\Users\leafy\AppData\Roaming\MiKTeX\2.9\tex/generic/pgf/basiclayer\pgfcorear
rows.code.tex
File: pgfcorearrows.code.tex 2020/01/08 v3.1.5b (3.1.5b)
\pgfarrowsep=\dimen195
)
(C:\Users\leafy\AppData\Roaming\MiKTeX\2.9\tex/generic/pgf/basiclayer\pgfcoresh
ade.code.tex
File: pgfcoreshade.code.tex 2020/01/08 v3.1.5b (3.1.5b)
\pgf@max=\dimen196
\pgf@sys@shading@range@num=\count272
\pgf@shadingcount=\count273
)
(C:\Users\leafy\AppData\Roaming\MiKTeX\2.9\tex/generic/pgf/basiclayer\pgfcoreim
age.code.tex
File: pgfcoreimage.code.tex 2020/01/08 v3.1.5b (3.1.5b)

(C:\Users\leafy\AppData\Roaming\MiKTeX\2.9\tex/generic/pgf/basiclayer\pgfcoreex
ternal.code.tex
File: pgfcoreexternal.code.tex 2020/01/08 v3.1.5b (3.1.5b)
\pgfexternal@startupbox=\box59
))
(C:\Users\leafy\AppData\Roaming\MiKTeX\2.9\tex/generic/pgf/basiclayer\pgfcorela
yers.code.tex
File: pgfcorelayers.code.tex 2020/01/08 v3.1.5b (3.1.5b)
)
(C:\Users\leafy\AppData\Roaming\MiKTeX\2.9\tex/generic/pgf/basiclayer\pgfcoretr
ansparency.code.tex
File: pgfcoretransparency.code.tex 2020/01/08 v3.1.5b (3.1.5b)
)
(C:\Users\leafy\AppData\Roaming\MiKTeX\2.9\tex/generic/pgf/basiclayer\pgfcorepa
tterns.code.tex
File: pgfcorepatterns.code.tex 2020/01/08 v3.1.5b (3.1.5b)
)
(C:\Users\leafy\AppData\Roaming\MiKTeX\2.9\tex/generic/pgf/basiclayer\pgfcorerd
f.code.tex
File: pgfcorerdf.code.tex 2020/01/08 v3.1.5b (3.1.5b)
))) (C:\Users\leafy\AppData\Roaming\MiKTeX\2.9\tex/latex/pgf/utilities\xxcolor.
sty
Package: xxcolor 2003/10/24 ver 0.1
\XC@nummixins=\count274
\XC@countmixins=\count275
) (C:\Users\leafy\AppData\Roaming\MiKTeX\2.9\tex/generic/atbegshi\atbegshi.sty
Package: atbegshi 2019/12/05 v1.19 At begin shipout hook (HO)
(C:\Users\leafy\AppData\Roaming\MiKTeX\2.9\tex/generic/infwarerr\infwarerr.sty
Package: infwarerr 2019/12/03 v1.5 Providing info/warning/error messages (HO)
) ("C:\Program Files\MiKTeX 2.9\tex/generic/ltxcmds\ltxcmds.sty"
Package: ltxcmds 2019/12/15 v1.24 LaTeX kernel commands for general use (HO)
)) ("C:\Program Files\MiKTeX 2.9\tex/latex/hyperref\hyperref.sty"
Package: hyperref 2020-05-15 v7.00e Hypertext links for LaTeX

(C:\Users\leafy\AppData\Roaming\MiKTeX\2.9\tex/generic/pdftexcmds\pdftexcmds.st
y
Package: pdftexcmds 2020-06-27 v0.33 Utility functions of pdfTeX for LuaTeX (HO
)
Package pdftexcmds Info: \pdf@primitive is available.
Package pdftexcmds Info: \pdf@ifprimitive is available.
Package pdftexcmds Info: \pdfdraftmode found.
) ("C:\Program Files\MiKTeX 2.9\tex/generic/kvsetkeys\kvsetkeys.sty"
Package: kvsetkeys 2019/12/15 v1.18 Key value parser (HO)
)
(C:\Users\leafy\AppData\Roaming\MiKTeX\2.9\tex/generic/kvdefinekeys\kvdefinekey
s.sty
Package: kvdefinekeys 2019-12-19 v1.6 Define keys (HO)
) (C:\Users\leafy\AppData\Roaming\MiKTeX\2.9\tex/generic/pdfescape\pdfescape.st
y
Package: pdfescape 2019/12/09 v1.15 Implements pdfTeX's escape features (HO)
) ("C:\Program Files\MiKTeX 2.9\tex/latex/hycolor\hycolor.sty"
Package: hycolor 2020-01-27 v1.10 Color options for hyperref/bookmark (HO)
)
(C:\Users\leafy\AppData\Roaming\MiKTeX\2.9\tex/latex/letltxmacro\letltxmacro.st
y
Package: letltxmacro 2019/12/03 v1.6 Let assignment for LaTeX macros (HO)
) (C:\Users\leafy\AppData\Roaming\MiKTeX\2.9\tex/latex/auxhook\auxhook.sty
Package: auxhook 2019-12-17 v1.6 Hooks for auxiliary files (HO)
) (C:\Users\leafy\AppData\Roaming\MiKTeX\2.9\tex/latex/kvoptions\kvoptions.sty
Package: kvoptions 2019/11/29 v3.13 Key value format for package options (HO)
)
\@linkdim=\dimen197
\Hy@linkcounter=\count276
\Hy@pagecounter=\count277
("C:\Program Files\MiKTeX 2.9\tex/latex/hyperref\pd1enc.def"
File: pd1enc.def 2020-05-15 v7.00e Hyperref: PDFDocEncoding definition (HO)
Now handling font encoding PD1 ...
... no UTF-8 mapping file for font encoding PD1
) ("C:\Program Files\MiKTeX 2.9\tex/generic/intcalc\intcalc.sty"
Package: intcalc 2019/12/15 v1.3 Expandable calculations with integers (HO)
) ("C:\Program Files\MiKTeX 2.9\tex/generic/etexcmds\etexcmds.sty"
Package: etexcmds 2019/12/15 v1.7 Avoid name clashes with e-TeX commands (HO)
)
\Hy@SavedSpaceFactor=\count278
Package hyperref Info: Option `unicode' set `true' on input line 4338.
("C:\Program Files\MiKTeX 2.9\tex/latex/hyperref\puenc.def"
File: puenc.def 2020-05-15 v7.00e Hyperref: PDF Unicode definition (HO)
Now handling font encoding PU ...
... no UTF-8 mapping file for font encoding PU
)
Package hyperref Info: Option `bookmarks' set `true' on input line 4338.
Package hyperref Info: Option `bookmarksopen' set `true' on input line 4338.
Package hyperref Info: Option `implicit' set `false' on input line 4338.
Package hyperref Info: Hyper figures OFF on input line 4464.
Package hyperref Info: Link nesting OFF on input line 4469.
Package hyperref Info: Hyper index ON on input line 4472.
Package hyperref Info: Plain pages OFF on input line 4479.
Package hyperref Info: Backreferencing OFF on input line 4484.
Package hyperref Info: Implicit mode OFF; no redefinition of LaTeX internals.
Package hyperref Info: Bookmarks ON on input line 4717.
\c@Hy@tempcnt=\count279
(C:\Users\leafy\AppData\Roaming\MiKTeX\2.9\tex/latex/url\url.sty
\Urlmuskip=\muskip16
Package: url 2013/09/16  ver 3.4  Verb mode for urls, etc.
)
LaTeX Info: Redefining \url on input line 5076.
\XeTeXLinkMargin=\dimen198
("C:\Program Files\MiKTeX 2.9\tex/generic/bitset\bitset.sty"
Package: bitset 2019/12/09 v1.3 Handle bit-vector datatype (HO)
("C:\Program Files\MiKTeX 2.9\tex/generic/bigintcalc\bigintcalc.sty"
Package: bigintcalc 2019/12/15 v1.5 Expandable calculations on big integers (HO
)
))
\Fld@menulength=\count280
\Field@Width=\dimen199
\Fld@charsize=\dimen256
Package hyperref Info: Hyper figures OFF on input line 6347.
Package hyperref Info: Link nesting OFF on input line 6352.
Package hyperref Info: Hyper index ON on input line 6355.
Package hyperref Info: backreferencing OFF on input line 6362.
Package hyperref Info: Link coloring OFF on input line 6367.
Package hyperref Info: Link coloring with OCG OFF on input line 6372.
Package hyperref Info: PDF/A mode OFF on input line 6377.
LaTeX Info: Redefining \ref on input line 6417.
LaTeX Info: Redefining \pageref on input line 6421.
\Hy@abspage=\count281

Package hyperref Message: Stopped early.

)
Package hyperref Info: Driver (autodetected): hpdftex.
("C:\Program Files\MiKTeX 2.9\tex/latex/hyperref\hpdftex.def"
File: hpdftex.def 2020-05-15 v7.00e Hyperref driver for pdfTeX
("C:\Program Files\MiKTeX 2.9\tex/latex/atveryend\atveryend.sty"
Package: atveryend 2019-12-11 v1.11 Hooks at the very end of document (HO)
)
\Fld@listcount=\count282
\c@bookmark@seq@number=\count283
("C:\Program Files\MiKTeX 2.9\tex/latex/rerunfilecheck\rerunfilecheck.sty"
Package: rerunfilecheck 2019/12/05 v1.9 Rerun checks for auxiliary files (HO)
("C:\Program Files\MiKTeX 2.9\tex/generic/uniquecounter\uniquecounter.sty"
Package: uniquecounter 2019/12/15 v1.4 Provide unlimited unique counter (HO)
)
Package uniquecounter Info: New unique counter `rerunfilecheck' on input line 2
86.
))
(C:\Users\leafy\AppData\Roaming\MiKTeX\2.9\tex/latex/beamer\beamerbaserequires.
sty
(C:\Users\leafy\AppData\Roaming\MiKTeX\2.9\tex/latex/beamer\beamerbasecompatibi
lity.sty) (C:\Users\leafy\AppData\Roaming\MiKTeX\2.9\tex/latex/beamer\beamerbas
efont.sty ("C:\Program Files\MiKTeX 2.9\tex/latex/amsfonts\amssymb.sty"
Package: amssymb 2013/01/14 v3.01 AMS font symbols
("C:\Program Files\MiKTeX 2.9\tex/latex/amsfonts\amsfonts.sty"
Package: amsfonts 2013/01/14 v3.01 Basic AMSFonts support
\@emptytoks=\toks27
\symAMSa=\mathgroup4
\symAMSb=\mathgroup5
LaTeX Font Info:    Redeclaring math symbol \hbar on input line 98.
LaTeX Font Info:    Overwriting math alphabet `\mathfrak' in version `bold'
(Font)                  U/euf/m/n --> U/euf/b/n on input line 106.
)))
(C:\Users\leafy\AppData\Roaming\MiKTeX\2.9\tex/latex/beamer\beamerbasetranslato
r.sty (C:\Users\leafy\AppData\Roaming\MiKTeX\2.9\tex/latex/translator\translato
r.sty
Package: translator 2020-08-03 v1.12c Easy translation of strings in LaTeX
)) (C:\Users\leafy\AppData\Roaming\MiKTeX\2.9\tex/latex/beamer\beamerbasemisc.s
ty)
(C:\Users\leafy\AppData\Roaming\MiKTeX\2.9\tex/latex/beamer\beamerbasetwoscreen
s.sty)
(C:\Users\leafy\AppData\Roaming\MiKTeX\2.9\tex/latex/beamer\beamerbaseoverlay.s
ty
\beamer@argscount=\count284
\beamer@lastskipcover=\skip50
\beamer@trivlistdepth=\count285
)
(C:\Users\leafy\AppData\Roaming\MiKTeX\2.9\tex/latex/beamer\beamerbasetitle.sty
)
(C:\Users\leafy\AppData\Roaming\MiKTeX\2.9\tex/latex/beamer\beamerbasesection.s
ty
\c@lecture=\count286
\c@part=\count287
\c@section=\count288
\c@subsection=\count289
\c@subsubsection=\count290
)
(C:\Users\leafy\AppData\Roaming\MiKTeX\2.9\tex/latex/beamer\beamerbaseframe.sty
\beamer@framebox=\box60
\beamer@frametitlebox=\box61
\beamer@zoombox=\box62
\beamer@zoomcount=\count291
\beamer@zoomframecount=\count292
\beamer@frametextheight=\dimen257
\c@subsectionslide=\count293
\beamer@frametopskip=\skip51
\beamer@framebottomskip=\skip52
\beamer@frametopskipautobreak=\skip53
\beamer@framebottomskipautobreak=\skip54
\beamer@envbody=\toks28
\framewidth=\dimen258
\c@framenumber=\count294
)
(C:\Users\leafy\AppData\Roaming\MiKTeX\2.9\tex/latex/beamer\beamerbaseverbatim.
sty
\beamer@verbatimfileout=\write4
)
(C:\Users\leafy\AppData\Roaming\MiKTeX\2.9\tex/latex/beamer\beamerbaseframesize
.sty
\beamer@splitbox=\box63
\beamer@autobreakcount=\count295
\beamer@autobreaklastheight=\dimen259
\beamer@frametitletoks=\toks29
\beamer@framesubtitletoks=\toks30
)
(C:\Users\leafy\AppData\Roaming\MiKTeX\2.9\tex/latex/beamer\beamerbaseframecomp
onents.sty
\beamer@footins=\box64
)
(C:\Users\leafy\AppData\Roaming\MiKTeX\2.9\tex/latex/beamer\beamerbasecolor.sty
)
(C:\Users\leafy\AppData\Roaming\MiKTeX\2.9\tex/latex/beamer\beamerbasenotes.sty
\beamer@frameboxcopy=\box65
) (C:\Users\leafy\AppData\Roaming\MiKTeX\2.9\tex/latex/beamer\beamerbasetoc.sty
)
(C:\Users\leafy\AppData\Roaming\MiKTeX\2.9\tex/latex/beamer\beamerbasetemplates
.sty
\beamer@sbttoks=\toks31

(C:\Users\leafy\AppData\Roaming\MiKTeX\2.9\tex/latex/beamer\beamerbaseauxtempla
tes.sty
(C:\Users\leafy\AppData\Roaming\MiKTeX\2.9\tex/latex/beamer\beamerbaseboxes.sty
\bmb@box=\box66
\bmb@colorbox=\box67
\bmb@boxshadow=\box68
\bmb@boxshadowball=\box69
\bmb@boxshadowballlarge=\box70
\bmb@temp=\dimen260
\bmb@dima=\dimen261
\bmb@dimb=\dimen262
\bmb@prevheight=\dimen263
)
\beamer@blockheadheight=\dimen264
))
(C:\Users\leafy\AppData\Roaming\MiKTeX\2.9\tex/latex/beamer\beamerbaselocalstru
cture.sty ("C:\Program Files\MiKTeX 2.9\tex/latex/tools\enumerate.sty"
Package: enumerate 2015/07/23 v3.00 enumerate extensions (DPC)
\@enLab=\toks32
)
\c@figure=\count296
\c@table=\count297
\abovecaptionskip=\skip55
\belowcaptionskip=\skip56
)
(C:\Users\leafy\AppData\Roaming\MiKTeX\2.9\tex/latex/beamer\beamerbasenavigatio
n.sty
\beamer@section@min@dim=\dimen265
)
(C:\Users\leafy\AppData\Roaming\MiKTeX\2.9\tex/latex/beamer\beamerbasetheorems.
sty ("C:\Program Files\MiKTeX 2.9\tex/latex/amsmath\amsmath.sty"
Package: amsmath 2020/01/20 v2.17e AMS math features
\@mathmargin=\skip57
For additional information on amsmath, use the `?' option.
("C:\Program Files\MiKTeX 2.9\tex/latex/amsmath\amstext.sty"
Package: amstext 2000/06/29 v2.01 AMS text
("C:\Program Files\MiKTeX 2.9\tex/latex/amsmath\amsgen.sty"
File: amsgen.sty 1999/11/30 v2.0 generic functions
\@emptytoks=\toks33
\ex@=\dimen266
)) ("C:\Program Files\MiKTeX 2.9\tex/latex/amsmath\amsbsy.sty"
Package: amsbsy 1999/11/29 v1.2d Bold Symbols
\pmbraise@=\dimen267
) ("C:\Program Files\MiKTeX 2.9\tex/latex/amsmath\amsopn.sty"
Package: amsopn 2016/03/08 v2.02 operator names
)
\inf@bad=\count298
LaTeX Info: Redefining \frac on input line 227.
\uproot@=\count299
\leftroot@=\count300
LaTeX Info: Redefining \overline on input line 389.
\classnum@=\count301
\DOTSCASE@=\count302
LaTeX Info: Redefining \ldots on input line 486.
LaTeX Info: Redefining \dots on input line 489.
LaTeX Info: Redefining \cdots on input line 610.
\Mathstrutbox@=\box71
\strutbox@=\box72
\big@size=\dimen268
LaTeX Font Info:    Redeclaring font encoding OML on input line 733.
LaTeX Font Info:    Redeclaring font encoding OMS on input line 734.
\macc@depth=\count303
\c@MaxMatrixCols=\count304
\dotsspace@=\muskip17
\c@parentequation=\count305
\dspbrk@lvl=\count306
\tag@help=\toks34
\row@=\count307
\column@=\count308
\maxfields@=\count309
\andhelp@=\toks35
\eqnshift@=\dimen269
\alignsep@=\dimen270
\tagshift@=\dimen271
\tagwidth@=\dimen272
\totwidth@=\dimen273
\lineht@=\dimen274
\@envbody=\toks36
\multlinegap=\skip58
\multlinetaggap=\skip59
\mathdisplay@stack=\toks37
LaTeX Info: Redefining \[ on input line 2859.
LaTeX Info: Redefining \] on input line 2860.
) ("C:\Program Files\MiKTeX 2.9\tex/latex/amscls\amsthm.sty"
Package: amsthm 2020/05/29 v2.20.6
\thm@style=\toks38
\thm@bodyfont=\toks39
\thm@headfont=\toks40
\thm@notefont=\toks41
\thm@headpunct=\toks42
\thm@preskip=\skip60
\thm@postskip=\skip61
\thm@headsep=\skip62
\dth@everypar=\toks43
)
\c@theorem=\count310
)
(C:\Users\leafy\AppData\Roaming\MiKTeX\2.9\tex/latex/beamer\beamerbasethemes.st
y))
(C:\Users\leafy\AppData\Roaming\MiKTeX\2.9\tex/latex/beamer\beamerthemedefault.
sty
(C:\Users\leafy\AppData\Roaming\MiKTeX\2.9\tex/latex/beamer\beamerfontthemedefa
ult.sty)
(C:\Users\leafy\AppData\Roaming\MiKTeX\2.9\tex/latex/beamer\beamercolorthemedef
ault.sty)
(C:\Users\leafy\AppData\Roaming\MiKTeX\2.9\tex/latex/beamer\beamerinnerthemedef
ault.sty
\beamer@dima=\dimen275
\beamer@dimb=\dimen276
)
(C:\Users\leafy\AppData\Roaming\MiKTeX\2.9\tex/latex/beamer\beamerouterthemedef
ault.sty)))
(C:\Users\leafy\AppData\Roaming\MiKTeX\2.9\tex/latex/pgf/utilities\pgfpages.sty
Package: pgfpages 2011/01/05 ver 0.02
("C:\Program Files\MiKTeX 2.9\tex/latex/tools\calc.sty"
Package: calc 2017/05/25 v4.3 Infix arithmetic (KKT,FJ)
\calc@Acount=\count311
\calc@Bcount=\count312
\calc@Adimen=\dimen277
\calc@Bdimen=\dimen278
\calc@Askip=\skip63
\calc@Bskip=\skip64
LaTeX Info: Redefining \setlength on input line 80.
LaTeX Info: Redefining \addtolength on input line 81.
\calc@Ccount=\count313
\calc@Cskip=\skip65
)
\pgf@logicalpages=\count314
\pgf@firstshipout=\count315
\pgf@lastshipout=\count316
\pgf@currentshipout=\count317
\pgf@cpn=\count318
\pgf@shipoutnextto=\count319
\pgfphysicalheight=\dimen279
\pgfphysicalwidth=\dimen280
\pgfpages@shipoutbox=\box73
) ("C:\Program Files\MiKTeX 2.9\tex/latex/lm\lmodern.sty"
Package: lmodern 2009/10/30 v1.6 Latin Modern Fonts
LaTeX Font Info:    Overwriting symbol font `operators' in version `normal'
(Font)                  OT1/cmr/m/n --> OT1/lmr/m/n on input line 22.
LaTeX Font Info:    Overwriting symbol font `letters' in version `normal'
(Font)                  OML/cmm/m/it --> OML/lmm/m/it on input line 23.
LaTeX Font Info:    Overwriting symbol font `symbols' in version `normal'
(Font)                  OMS/cmsy/m/n --> OMS/lmsy/m/n on input line 24.
LaTeX Font Info:    Overwriting symbol font `largesymbols' in version `normal'
(Font)                  OMX/cmex/m/n --> OMX/lmex/m/n on input line 25.
LaTeX Font Info:    Overwriting symbol font `operators' in version `bold'
(Font)                  OT1/cmr/bx/n --> OT1/lmr/bx/n on input line 26.
LaTeX Font Info:    Overwriting symbol font `letters' in version `bold'
(Font)                  OML/cmm/b/it --> OML/lmm/b/it on input line 27.
LaTeX Font Info:    Overwriting symbol font `symbols' in version `bold'
(Font)                  OMS/cmsy/b/n --> OMS/lmsy/b/n on input line 28.
LaTeX Font Info:    Overwriting symbol font `largesymbols' in version `bold'
(Font)                  OMX/cmex/m/n --> OMX/lmex/m/n on input line 29.
LaTeX Font Info:    Overwriting math alphabet `\mathbf' in version `normal'
(Font)                  OT1/cmr/bx/n --> OT1/lmr/bx/n on input line 31.
LaTeX Font Info:    Overwriting math alphabet `\mathsf' in version `normal'
(Font)                  OT1/cmss/m/n --> OT1/lmss/m/n on input line 32.
LaTeX Font Info:    Overwriting math alphabet `\mathit' in version `normal'
(Font)                  OT1/cmr/m/it --> OT1/lmr/m/it on input line 33.
LaTeX Font Info:    Overwriting math alphabet `\mathtt' in version `normal'
(Font)                  OT1/cmtt/m/n --> OT1/lmtt/m/n on input line 34.
LaTeX Font Info:    Overwriting math alphabet `\mathbf' in version `bold'
(Font)                  OT1/cmr/bx/n --> OT1/lmr/bx/n on input line 35.
LaTeX Font Info:    Overwriting math alphabet `\mathsf' in version `bold'
(Font)                  OT1/cmss/bx/n --> OT1/lmss/bx/n on input line 36.
LaTeX Font Info:    Overwriting math alphabet `\mathit' in version `bold'
(Font)                  OT1/cmr/bx/it --> OT1/lmr/bx/it on input line 37.
LaTeX Font Info:    Overwriting math alphabet `\mathtt' in version `bold'
(Font)                  OT1/cmtt/m/n --> OT1/lmtt/m/n on input line 38.
) (C:\Users\leafy\AppData\Roaming\MiKTeX\2.9\tex/generic/iftex\ifxetex.sty
Package: ifxetex 2019/10/25 v0.7 ifxetex legacy package. Use iftex instead.
) (C:\Users\leafy\AppData\Roaming\MiKTeX\2.9\tex/generic/iftex\ifluatex.sty
Package: ifluatex 2019/10/25 v1.5 ifluatex legacy package. Use iftex instead.
) ("C:\Program Files\MiKTeX 2.9\tex/latex/base\fontenc.sty"
Package: fontenc 2020/02/11 v2.0o Standard LaTeX package
LaTeX Font Info:    Trying to load font information for T1+lmr on input line 11
2.
("C:\Program Files\MiKTeX 2.9\tex/latex/lm\t1lmr.fd"
File: t1lmr.fd 2009/10/30 v1.6 Font defs for Latin Modern
)) ("C:\Program Files\MiKTeX 2.9\tex/latex/base\inputenc.sty"
Package: inputenc 2018/08/11 v1.3c Input encoding file
\inpenc@prehook=\toks44
\inpenc@posthook=\toks45
) ("C:\Program Files\MiKTeX 2.9\tex/latex/base\textcomp.sty"
Package: textcomp 2020/02/02 v2.0n Standard LaTeX package
)
(C:\Users\leafy\AppData\Roaming\MiKTeX\2.9\tex/latex/beamer\beamerthemeBoadilla
.sty
(C:\Users\leafy\AppData\Roaming\MiKTeX\2.9\tex/latex/beamer\beamercolorthemeros
e.sty)
(C:\Users\leafy\AppData\Roaming\MiKTeX\2.9\tex/latex/beamer\beamerinnerthemerou
nded.sty)
(C:\Users\leafy\AppData\Roaming\MiKTeX\2.9\tex/latex/beamer\beamercolorthemedol
phin.sty)
(C:\Users\leafy\AppData\Roaming\MiKTeX\2.9\tex/latex/beamer\beamerouterthemeinf
olines.sty)) (C:\Users\leafy\AppData\Roaming\MiKTeX\2.9\tex/latex/upquote\upquo
te.sty
Package: upquote 2012/04/19 v1.3 upright-quote and grave-accent glyphs in verba
tim
) (C:\Users\leafy\AppData\Roaming\MiKTeX\2.9\tex/latex/microtype\microtype.sty
Package: microtype 2019/11/18 v2.7d Micro-typographical refinements (RS)
\MT@toks=\toks46
\MT@count=\count320
LaTeX Info: Redefining \textls on input line 790.
\MT@outer@kern=\dimen281
LaTeX Info: Redefining \textmicrotypecontext on input line 1354.
\MT@listname@count=\count321

(C:\Users\leafy\AppData\Roaming\MiKTeX\2.9\tex/latex/microtype\microtype-pdftex
.def
File: microtype-pdftex.def 2019/11/18 v2.7d Definitions specific to pdftex (RS)

LaTeX Info: Redefining \lsstyle on input line 914.
LaTeX Info: Redefining \lslig on input line 914.
\MT@outer@space=\skip66
)
Package microtype Info: Loading configuration file microtype.cfg.
(C:\Users\leafy\AppData\Roaming\MiKTeX\2.9\tex/latex/microtype\microtype.cfg
File: microtype.cfg 2019/11/18 v2.7d microtype main configuration file (RS)
)) (C:\Users\leafy\AppData\Roaming\MiKTeX\2.9\tex/latex/parskip\parskip.sty
Package: parskip 2020-06-15 v2.0f non-zero parskip adjustments
) (C:\Users\leafy\AppData\Roaming\MiKTeX\2.9\tex/latex/xurl\xurl.sty
Package: xurl 2020/01/24 v 0.09 modify URL breaks
) (C:\Users\leafy\AppData\Roaming\MiKTeX\2.9\tex/latex/bookmark\bookmark.sty
Package: bookmark 2019/12/03 v1.28 PDF bookmarks (HO)
(C:\Users\leafy\AppData\Roaming\MiKTeX\2.9\tex/latex/bookmark\bkm-pdftex.def
File: bkm-pdftex.def 2019/12/03 v1.28 bookmark driver for pdfTeX (HO)
\BKM@id=\count322
)) (C:\Users\leafy\AppData\Roaming\MiKTeX\2.9\tex/latex/fancyvrb\fancyvrb.sty
Package: fancyvrb 2020/05/03 v3.6 verbatim text (tvz,hv)
\FV@CodeLineNo=\count323
\FV@InFile=\read3
\FV@TabBox=\box74
\c@FancyVerbLine=\count324
\FV@StepNumber=\count325
\FV@OutFile=\write5
) (C:\Users\leafy\AppData\Roaming\MiKTeX\2.9\tex/latex/framed\framed.sty
Package: framed 2011/10/22 v 0.96: framed or shaded text with page breaks
\OuterFrameSep=\skip67
\fb@frw=\dimen282
\fb@frh=\dimen283
\FrameRule=\dimen284
\FrameSep=\dimen285
) (C:\Users\leafy\AppData\Roaming\MiKTeX\2.9\tex/latex/fourier\fourier.sty
Package: fourier 2020/03/03 2.2 fourier-GUTenberg package
Now handling font encoding FML ...
... no UTF-8 mapping file for font encoding FML
Now handling font encoding FMS ...
... no UTF-8 mapping file for font encoding FMS
Now handling font encoding FMX ...
... no UTF-8 mapping file for font encoding FMX
("C:\Program Files\MiKTeX 2.9\tex/latex/base\fontenc.sty"
Package: fontenc 2020/02/11 v2.0o Standard LaTeX package
LaTeX Font Info:    Trying to load font information for T1+futs on input line 1
12.
(C:\Users\leafy\AppData\Roaming\MiKTeX\2.9\tex/latex/fourier\t1futs.fd
File: t1futs.fd 2004/03/02 Fontinst v1.926 font definitions for T1/futs.
)) (C:\Users\leafy\AppData\Roaming\MiKTeX\2.9\tex/latex/fourier\fourier-orns.st
y
Package: fourier-orns 2020/03/03 2.2 fourier-ornaments package
)
LaTeX Font Info:    Redeclaring symbol font `operators' on input line 63.
LaTeX Font Info:    Encoding `OT1' has changed to `T1' for symbol font
(Font)              `operators' in the math version `normal' on input line 63.
LaTeX Font Info:    Overwriting symbol font `operators' in version `normal'
(Font)                  OT1/lmr/m/n --> T1/futs/m/n on input line 63.
LaTeX Font Info:    Encoding `OT1' has changed to `T1' for symbol font
(Font)              `operators' in the math version `bold' on input line 63.
LaTeX Font Info:    Overwriting symbol font `operators' in version `bold'
(Font)                  OT1/lmr/bx/n --> T1/futs/m/n on input line 63.
LaTeX Font Info:    Overwriting symbol font `operators' in version `bold'
(Font)                  T1/futs/m/n --> T1/futs/b/n on input line 64.
LaTeX Font Info:    Redeclaring symbol font `letters' on input line 72.
LaTeX Font Info:    Encoding `OML' has changed to `FML' for symbol font
(Font)              `letters' in the math version `normal' on input line 72.
LaTeX Font Info:    Overwriting symbol font `letters' in version `normal'
(Font)                  OML/lmm/m/it --> FML/futmi/m/it on input line 72.
LaTeX Font Info:    Encoding `OML' has changed to `FML' for symbol font
(Font)              `letters' in the math version `bold' on input line 72.
LaTeX Font Info:    Overwriting symbol font `letters' in version `bold'
(Font)                  OML/lmm/b/it --> FML/futmi/m/it on input line 72.
\symotherletters=\mathgroup6
LaTeX Font Info:    Overwriting symbol font `letters' in version `bold'
(Font)                  FML/futmi/m/it --> FML/futmi/b/it on input line 74.
LaTeX Font Info:    Overwriting symbol font `otherletters' in version `bold'
(Font)                  FML/futm/m/it --> FML/futm/b/it on input line 75.
LaTeX Font Info:    Redeclaring math symbol \Gamma on input line 76.
LaTeX Font Info:    Redeclaring math symbol \Delta on input line 77.
LaTeX Font Info:    Redeclaring math symbol \Theta on input line 78.
LaTeX Font Info:    Redeclaring math symbol \Lambda on input line 79.
LaTeX Font Info:    Redeclaring math symbol \Xi on input line 80.
LaTeX Font Info:    Redeclaring math symbol \Pi on input line 81.
LaTeX Font Info:    Redeclaring math symbol \Sigma on input line 82.
LaTeX Font Info:    Redeclaring math symbol \Upsilon on input line 83.
LaTeX Font Info:    Redeclaring math symbol \Phi on input line 84.
LaTeX Font Info:    Redeclaring math symbol \Psi on input line 85.
LaTeX Font Info:    Redeclaring math symbol \Omega on input line 86.
LaTeX Font Info:    Redeclaring symbol font `symbols' on input line 126.
LaTeX Font Info:    Encoding `OMS' has changed to `FMS' for symbol font
(Font)              `symbols' in the math version `normal' on input line 126.
LaTeX Font Info:    Overwriting symbol font `symbols' in version `normal'
(Font)                  OMS/lmsy/m/n --> FMS/futm/m/n on input line 126.
LaTeX Font Info:    Encoding `OMS' has changed to `FMS' for symbol font
(Font)              `symbols' in the math version `bold' on input line 126.
LaTeX Font Info:    Overwriting symbol font `symbols' in version `bold'
(Font)                  OMS/lmsy/b/n --> FMS/futm/m/n on input line 126.
LaTeX Font Info:    Redeclaring symbol font `largesymbols' on input line 127.
LaTeX Font Info:    Encoding `OMX' has changed to `FMX' for symbol font
(Font)              `largesymbols' in the math version `normal' on input line 1
27.
LaTeX Font Info:    Overwriting symbol font `largesymbols' in version `normal'
(Font)                  OMX/lmex/m/n --> FMX/futm/m/n on input line 127.
LaTeX Font Info:    Encoding `OMX' has changed to `FMX' for symbol font
(Font)              `largesymbols' in the math version `bold' on input line 127
.
LaTeX Font Info:    Overwriting symbol font `largesymbols' in version `bold'
(Font)                  OMX/lmex/m/n --> FMX/futm/m/n on input line 127.
LaTeX Font Info:    Redeclaring math alphabet \mathbf on input line 128.
LaTeX Font Info:    Overwriting math alphabet `\mathbf' in version `normal'
(Font)                  OT1/lmr/bx/n --> T1/futs/bx/n on input line 128.
LaTeX Font Info:    Overwriting math alphabet `\mathbf' in version `bold'
(Font)                  OT1/lmr/bx/n --> T1/futs/bx/n on input line 128.
LaTeX Font Info:    Redeclaring math alphabet \mathrm on input line 129.
LaTeX Font Info:    Redeclaring math alphabet \mathit on input line 130.
LaTeX Font Info:    Overwriting math alphabet `\mathit' in version `normal'
(Font)                  OT1/lmr/m/it --> T1/futs/m/it on input line 130.
LaTeX Font Info:    Overwriting math alphabet `\mathit' in version `bold'
(Font)                  OT1/lmr/bx/it --> T1/futs/m/it on input line 130.
LaTeX Font Info:    Redeclaring math alphabet \mathcal on input line 131.
LaTeX Font Info:    Redeclaring math symbol \varkappa on input line 132.
LaTeX Font Info:    Redeclaring math symbol \leqslant on input line 138.
LaTeX Font Info:    Redeclaring math symbol \geqslant on input line 139.
LaTeX Font Info:    Redeclaring math symbol \vDash on input line 142.
LaTeX Font Info:    Redeclaring math symbol \blacktriangleleft on input line 14
3.
LaTeX Font Info:    Redeclaring math symbol \blacktriangleright on input line 1
44.
LaTeX Font Info:    Redeclaring math symbol \nleqslant on input line 145.
LaTeX Font Info:    Redeclaring math symbol \ngeqslant on input line 146.
LaTeX Font Info:    Redeclaring math symbol \parallel on input line 147.
LaTeX Font Info:    Redeclaring math symbol \nparallel on input line 148.
LaTeX Font Info:    Redeclaring math symbol \nvDash on input line 150.
LaTeX Font Info:    Redeclaring math symbol \intercal on input line 151.
LaTeX Font Info:    Redeclaring math symbol \hslash on input line 152.
LaTeX Font Info:    Redeclaring math symbol \nexists on input line 153.
LaTeX Font Info:    Redeclaring math symbol \complement on input line 154.
LaTeX Font Info:    Redeclaring math symbol \varsubsetneq on input line 155.
LaTeX Font Info:    Redeclaring math symbol \hbar on input line 161.
LaTeX Font Info:    Redeclaring math symbol \smallsetminus on input line 162.
LaTeX Font Info:    Redeclaring math symbol \subsetneqq on input line 163.
LaTeX Font Info:    Redeclaring math symbol \rightrightarrows on input line 164
.
LaTeX Font Info:    Redeclaring math symbol \leftleftarrows on input line 165.
LaTeX Font Info:    Redeclaring math symbol \square on input line 166.
LaTeX Font Info:    Redeclaring math symbol \curvearrowleft on input line 167.
LaTeX Font Info:    Redeclaring math symbol \curvearrowright on input line 168.

LaTeX Font Info:    Redeclaring math symbol \blacksquare on input line 169.
LaTeX Font Info:    Redeclaring math symbol \varkappa on input line 199.
LaTeX Font Info:    Redeclaring math symbol \varvarrho on input line 200.
LaTeX Font Info:    Redeclaring math delimiter \Vert on input line 223.
LaTeX Font Info:    Redeclaring math delimiter \vert on input line 228.
LaTeX Font Info:    Redeclaring math delimiter \lvert on input line 230.
LaTeX Font Info:    Redeclaring math delimiter \rvert on input line 232.
LaTeX Font Info:    Redeclaring math delimiter \lVert on input line 234.
LaTeX Font Info:    Redeclaring math delimiter \rVert on input line 236.
LaTeX Font Info:    Redeclaring math delimiter \Downarrow on input line 238.
LaTeX Font Info:    Redeclaring math delimiter \backslash on input line 240.
LaTeX Font Info:    Redeclaring math delimiter \rangle on input line 242.
LaTeX Font Info:    Redeclaring math delimiter \langle on input line 244.
LaTeX Font Info:    Redeclaring math delimiter \rbrace on input line 246.
LaTeX Font Info:    Redeclaring math delimiter \lbrace on input line 248.
LaTeX Font Info:    Redeclaring math delimiter \rceil on input line 250.
LaTeX Font Info:    Redeclaring math delimiter \lceil on input line 252.
LaTeX Font Info:    Redeclaring math delimiter \rfloor on input line 254.
LaTeX Font Info:    Redeclaring math delimiter \lfloor on input line 256.
LaTeX Font Info:    Redeclaring math accent \acute on input line 260.
LaTeX Font Info:    Redeclaring math accent \grave on input line 261.
LaTeX Font Info:    Redeclaring math accent \ddot on input line 262.
LaTeX Font Info:    Redeclaring math accent \tilde on input line 263.
LaTeX Font Info:    Redeclaring math accent \bar on input line 264.
LaTeX Font Info:    Redeclaring math accent \breve on input line 265.
LaTeX Font Info:    Redeclaring math accent \check on input line 266.
LaTeX Font Info:    Redeclaring math accent \hat on input line 267.
LaTeX Font Info:    Redeclaring math accent \dot on input line 268.
LaTeX Font Info:    Redeclaring math accent \mathring on input line 269.
\symUfutm=\mathgroup7
)

Package hyperref Warning: Token not allowed in a PDF string (Unicode):
(hyperref)                removing `\begingroup' on input line 139.


Package hyperref Warning: Token not allowed in a PDF string (Unicode):
(hyperref)                removing `\catcode' on input line 139.


Package hyperref Warning: Token not allowed in a PDF string (Unicode):
(hyperref)                removing `\active' on input line 139.


Package hyperref Warning: Token not allowed in a PDF string (Unicode):
(hyperref)                removing `\<def>-command' on input line 139.


Package hyperref Warning: Token not allowed in a PDF string (Unicode):
(hyperref)                removing `\csname\endcsname' on input line 139.


Package hyperref Warning: Token not allowed in a PDF string (Unicode):
(hyperref)                removing `\catcode' on input line 139.


Package hyperref Warning: Token not allowed in a PDF string (Unicode):
(hyperref)                removing `\active' on input line 139.


Package hyperref Warning: Token not allowed in a PDF string (Unicode):
(hyperref)                removing `\<let>-command' on input line 139.


Package hyperref Warning: Token not allowed in a PDF string (Unicode):
(hyperref)                removing `\csname\endcsname' on input line 139.


Package hyperref Warning: Token not allowed in a PDF string (Unicode):
(hyperref)                removing `\<let>-command' on input line 139.


Package hyperref Warning: Token not allowed in a PDF string (Unicode):
(hyperref)                removing `\%' on input line 139.


Package hyperref Warning: Token not allowed in a PDF string (Unicode):
(hyperref)                removing `\catcode' on input line 139.


Package hyperref Warning: Token not allowed in a PDF string (Unicode):
(hyperref)                removing `\active' on input line 139.


Package hyperref Warning: Token not allowed in a PDF string (Unicode):
(hyperref)                removing `\<def>-command' on input line 139.


Package hyperref Warning: Token not allowed in a PDF string (Unicode):
(hyperref)                removing `\csname\endcsname' on input line 139.


Package hyperref Warning: Token not allowed in a PDF string (Unicode):
(hyperref)                removing `\<def>-command' on input line 139.


Package hyperref Warning: Token not allowed in a PDF string (Unicode):
(hyperref)                removing `\#' on input line 139.


Package hyperref Warning: Token not allowed in a PDF string (Unicode):
(hyperref)                removing `\catcode' on input line 139.


Package hyperref Warning: Token not allowed in a PDF string (Unicode):
(hyperref)                removing `\<def>-command' on input line 139.


Package hyperref Warning: Token not allowed in a PDF string (Unicode):
(hyperref)                removing `\csname\endcsname' on input line 139.


Package hyperref Warning: Token not allowed in a PDF string (Unicode):
(hyperref)                removing `\<def>-command' on input line 139.


Package hyperref Warning: Token not allowed in a PDF string (Unicode):
(hyperref)                removing `\&' on input line 139.


Package hyperref Warning: Token not allowed in a PDF string (Unicode):
(hyperref)                removing `\<def>-command' on input line 139.


Package hyperref Warning: Token not allowed in a PDF string (Unicode):
(hyperref)                removing `\textunderscore' on input line 139.


Package hyperref Warning: Token not allowed in a PDF string (Unicode):
(hyperref)                removing `\<let>-command' on input line 139.


Package hyperref Warning: Token not allowed in a PDF string (Unicode):
(hyperref)                removing `\_' on input line 139.


Package hyperref Warning: Token not allowed in a PDF string (Unicode):
(hyperref)                removing `\catcode' on input line 139.


Package hyperref Warning: Token not allowed in a PDF string (Unicode):
(hyperref)                removing `\active' on input line 139.


Package hyperref Warning: Token not allowed in a PDF string (Unicode):
(hyperref)                removing `\<let>-command' on input line 139.


Package hyperref Warning: Token not allowed in a PDF string (Unicode):
(hyperref)                removing `\csname\endcsname' on input line 139.


Package hyperref Warning: Token not allowed in a PDF string (Unicode):
(hyperref)                removing `\<let>-command' on input line 139.


Package hyperref Warning: Token not allowed in a PDF string (Unicode):
(hyperref)                removing `\csname\endcsname' on input line 139.


Package hyperref Warning: Token not allowed in a PDF string (Unicode):
(hyperref)                removing `\<let>-command' on input line 139.


Package hyperref Warning: Token not allowed in a PDF string (Unicode):
(hyperref)                removing `\~' on input line 139.


Package hyperref Warning: Token not allowed in a PDF string (Unicode):
(hyperref)                removing `\<let>-command' on input line 139.


Package hyperref Warning: Token not allowed in a PDF string (Unicode):
(hyperref)                removing `\textasciitilde' on input line 139.


Package hyperref Warning: Token not allowed in a PDF string (Unicode):
(hyperref)                removing `\<let>-command' on input line 139.


Package hyperref Warning: Token not allowed in a PDF string (Unicode):
(hyperref)                removing `\\' on input line 139.


Package hyperref Warning: Token not allowed in a PDF string (Unicode):
(hyperref)                removing `\<def>-command' on input line 139.


Package hyperref Warning: Token not allowed in a PDF string (Unicode):
(hyperref)                removing `\csname\endcsname' on input line 139.


Package hyperref Warning: Token not allowed in a PDF string (Unicode):
(hyperref)                removing `\<def>-command' on input line 139.


Package hyperref Warning: Token not allowed in a PDF string (Unicode):
(hyperref)                removing `\Hy@tempa' on input line 139.


Package hyperref Warning: Token not allowed in a PDF string (Unicode):
(hyperref)                removing `\<def>-command' on input line 139.


Package hyperref Warning: Token not allowed in a PDF string (Unicode):
(hyperref)                removing `\Hy@tempa' on input line 139.


(C:\Users\leafy\AppData\Roaming\MiKTeX\2.9\tex/latex/l3backend\l3backend-pdfmod
e.def
File: l3backend-pdfmode.def 2020-08-07 L3 backend support: PDF mode
\l__kernel_color_stack_int=\count326
\l__pdf_internal_box=\box75
)
No file lec04.aux.
\openout1 = `lec04.aux'.

LaTeX Font Info:    Checking defaults for OML/cmm/m/it on input line 143.
LaTeX Font Info:    ... okay on input line 143.
LaTeX Font Info:    Checking defaults for OMS/cmsy/m/n on input line 143.
LaTeX Font Info:    ... okay on input line 143.
LaTeX Font Info:    Checking defaults for OT1/cmr/m/n on input line 143.
LaTeX Font Info:    ... okay on input line 143.
LaTeX Font Info:    Checking defaults for T1/cmr/m/n on input line 143.
LaTeX Font Info:    ... okay on input line 143.
LaTeX Font Info:    Checking defaults for TS1/cmr/m/n on input line 143.
LaTeX Font Info:    ... okay on input line 143.
LaTeX Font Info:    Checking defaults for OMX/cmex/m/n on input line 143.
LaTeX Font Info:    ... okay on input line 143.
LaTeX Font Info:    Checking defaults for U/cmr/m/n on input line 143.
LaTeX Font Info:    ... okay on input line 143.
LaTeX Font Info:    Checking defaults for PD1/pdf/m/n on input line 143.
LaTeX Font Info:    ... okay on input line 143.
LaTeX Font Info:    Checking defaults for PU/pdf/m/n on input line 143.
LaTeX Font Info:    ... okay on input line 143.
LaTeX Font Info:    Checking defaults for FML/futm/m/it on input line 143.
LaTeX Font Info:    Trying to load font information for FML+futm on input line 
143.
(C:\Users\leafy\AppData\Roaming\MiKTeX\2.9\tex/latex/fourier\fmlfutm.fd
File: fmlfutm.fd 2004/10/30 Fontinst v1.926 font definitions for FML/futm.
)
LaTeX Font Info:    ... okay on input line 143.
LaTeX Font Info:    Checking defaults for FMS/futm/m/n on input line 143.
LaTeX Font Info:    Trying to load font information for FMS+futm on input line 
143.
(C:\Users\leafy\AppData\Roaming\MiKTeX\2.9\tex/latex/fourier\fmsfutm.fd
File: fmsfutm.fd 2004/10/30 Fontinst v1.926 font definitions for FMS/futm.
)
LaTeX Font Info:    ... okay on input line 143.
LaTeX Font Info:    Checking defaults for FMX/futm/m/n on input line 143.
LaTeX Font Info:    Trying to load font information for FMX+futm on input line 
143.
(C:\Users\leafy\AppData\Roaming\MiKTeX\2.9\tex/latex/fourier\fmxfutm.fd
File: fmxfutm.fd futm-extension
)
LaTeX Font Info:    ... okay on input line 143.
*geometry* driver: auto-detecting
*geometry* detected driver: pdftex
*geometry* verbose mode - [ preamble ] result:
* driver: pdftex
* paper: custom
* layout: <same size as paper>
* layoutoffset:(h,v)=(0.0pt,0.0pt)
* modes: includehead includefoot 
* h-part:(L,W,R)=(10.0pt, 344.19536pt, 10.0pt)
* v-part:(T,H,B)=(0.0pt, 273.14662pt, 0.0pt)
* \paperwidth=364.19536pt
* \paperheight=273.14662pt
* \textwidth=344.19536pt
* \textheight=244.6939pt
* \oddsidemargin=-62.26999pt
* \evensidemargin=-62.26999pt
* \topmargin=-72.26999pt
* \headheight=14.22636pt
* \headsep=0.0pt
* \topskip=10.0pt
* \footskip=14.22636pt
* \marginparwidth=3.0pt
* \marginparsep=11.0pt
* \columnsep=10.0pt
* \skip\footins=9.0pt plus 4.0pt minus 2.0pt
* \hoffset=0.0pt
* \voffset=0.0pt
* \mag=1000
* \@twocolumnfalse
* \@twosidefalse
* \@mparswitchfalse
* \@reversemarginfalse
* (1in=72.27pt=25.4mm, 1cm=28.453pt)

(C:\Users\leafy\AppData\Roaming\MiKTeX\2.9\tex/context/base/mkii\supp-pdf.mkii
[Loading MPS to PDF converter (version 2006.09.02).]
\scratchcounter=\count327
\scratchdimen=\dimen286
\scratchbox=\box76
\nofMPsegments=\count328
\nofMParguments=\count329
\everyMPshowfont=\toks47
\MPscratchCnt=\count330
\MPscratchDim=\dimen287
\MPnumerator=\count331
\makeMPintoPDFobject=\count332
\everyMPtoPDFconversion=\toks48
) ("C:\Program Files\MiKTeX 2.9\tex/latex/epstopdf-pkg\epstopdf-base.sty"
Package: epstopdf-base 2020-01-24 v2.11 Base part for package epstopdf
(C:\Users\leafy\AppData\Roaming\MiKTeX\2.9\tex/latex/grfext\grfext.sty
Package: grfext 2019/12/03 v1.3 Manage graphics extensions (HO)
)
Package epstopdf-base Info: Redefining graphics rule for `.eps' on input line 4
85.
Package grfext Info: Graphics extension search list:
(grfext)             [.pdf,.png,.jpg,.mps,.jpeg,.jbig2,.jb2,.PDF,.PNG,.JPG,.JPE
G,.JBIG2,.JB2,.eps]
(grfext)             \AppendGraphicsExtensions on input line 504.
) ABD: EveryShipout initializing macros
\AtBeginShipoutBox=\box77
Package hyperref Info: Link coloring OFF on input line 143.
("C:\Program Files\MiKTeX 2.9\tex/latex/hyperref\nameref.sty"
Package: nameref 2019/09/16 v2.46 Cross-referencing by name of section
("C:\Program Files\MiKTeX 2.9\tex/latex/refcount\refcount.sty"
Package: refcount 2019/12/15 v3.6 Data extraction from label references (HO)
) ("C:\Program Files\MiKTeX 2.9\tex/generic/gettitlestring\gettitlestring.sty"
Package: gettitlestring 2019/12/15 v1.6 Cleanup title references (HO)
)
\c@section@level=\count333
)
LaTeX Info: Redefining \ref on input line 143.
LaTeX Info: Redefining \pageref on input line 143.
LaTeX Info: Redefining \nameref on input line 143.

(C:\Users\leafy\AppData\Roaming\MiKTeX\2.9\tex/latex/translator\translator-basi
c-dictionary-English.dict
Dictionary: translator-basic-dictionary, Language: English 
)
(C:\Users\leafy\AppData\Roaming\MiKTeX\2.9\tex/latex/translator\translator-bibl
iography-dictionary-English.dict
Dictionary: translator-bibliography-dictionary, Language: English 
)
(C:\Users\leafy\AppData\Roaming\MiKTeX\2.9\tex/latex/translator\translator-envi
ronment-dictionary-English.dict
Dictionary: translator-environment-dictionary, Language: English 
)
(C:\Users\leafy\AppData\Roaming\MiKTeX\2.9\tex/latex/translator\translator-mont
hs-dictionary-English.dict
Dictionary: translator-months-dictionary, Language: English 
)
(C:\Users\leafy\AppData\Roaming\MiKTeX\2.9\tex/latex/translator\translator-numb
ers-dictionary-English.dict
Dictionary: translator-numbers-dictionary, Language: English 
)
(C:\Users\leafy\AppData\Roaming\MiKTeX\2.9\tex/latex/translator\translator-theo
rem-dictionary-English.dict
Dictionary: translator-theorem-dictionary, Language: English 
)
LaTeX Info: Redefining \microtypecontext on input line 143.
Package microtype Info: Generating PDF output.
Package microtype Info: Character protrusion enabled (level 2).
Package microtype Info: Using protrusion set `basicmath'.
Package microtype Info: Automatic font expansion enabled (level 2),
(microtype)             stretch: 20, shrink: 20, step: 1, non-selected.
Package microtype Info: Using default expansion set `basictext'.
LaTeX Info: Redefining \showhyphens on input line 143.
Package microtype Info: No adjustment of tracking.
Package microtype Info: No adjustment of interword spacing.
Package microtype Info: No adjustment of character kerning.
Package microtype Info: Loading generic protrusion settings for font family
(microtype)             `futs' (encoding: T1).
(microtype)             For optimal results, create family-specific settings.
(microtype)             See the microtype manual for details.
LaTeX Font Info:    Redeclaring math accent \widehat on input line 143.
LaTeX Font Info:    Redeclaring math accent \widetilde on input line 143.
No file lec04.nav.
LaTeX Font Info:    Trying to load font information for FML+futmi on input line
 143.
(C:\Users\leafy\AppData\Roaming\MiKTeX\2.9\tex/latex/fourier\fmlfutmi.fd
File: fmlfutmi.fd 2004/10/30 Fontinst v1.926 font definitions for FML/futmi.
)
LaTeX Font Info:    Font shape `FMX/futm/m/n' will be
(Font)              scaled to size 5.51999pt on input line 143.
LaTeX Font Info:    Trying to load font information for U+msa on input line 143
.
("C:\Program Files\MiKTeX 2.9\tex/latex/amsfonts\umsa.fd"
File: umsa.fd 2013/01/14 v3.01 AMS symbols A
) (C:\Users\leafy\AppData\Roaming\MiKTeX\2.9\tex/latex/microtype\mt-msa.cfg
File: mt-msa.cfg 2006/02/04 v1.1 microtype config. file: AMS symbols (a) (RS)
)
LaTeX Font Info:    Trying to load font information for U+msb on input line 143
.
("C:\Program Files\MiKTeX 2.9\tex/latex/amsfonts\umsb.fd"
File: umsb.fd 2013/01/14 v3.01 AMS symbols B
) (C:\Users\leafy\AppData\Roaming\MiKTeX\2.9\tex/latex/microtype\mt-msb.cfg
File: mt-msb.cfg 2005/06/01 v1.0 microtype config. file: AMS symbols (b) (RS)
)
LaTeX Font Info:    Font shape `U/futm/m/n' will be
(Font)              scaled to size 5.51999pt on input line 143.
LaTeX Font Info:    Font shape `FMX/futm/m/n' will be
(Font)              scaled to size 9.19998pt on input line 144.
LaTeX Font Info:    Font shape `FMX/futm/m/n' will be
(Font)              scaled to size 6.99199pt on input line 144.
LaTeX Font Info:    Font shape `U/futm/m/n' will be
(Font)              scaled to size 9.19998pt on input line 144.
LaTeX Font Info:    Font shape `U/futm/m/n' will be
(Font)              scaled to size 6.99199pt on input line 144.
[1

{C:/Users/leafy/AppData/Local/MiKTeX/2.9/pdftex/config/pdftex.map}]
No file lec04.toc.
[2

] [3

]
\openout4 = `lec04.vrb'.

(lec04.vrb
LaTeX Font Info:    Trying to load font information for T1+lmtt on input line 6
.
("C:\Program Files\MiKTeX 2.9\tex/latex/lm\t1lmtt.fd"
File: t1lmtt.fd 2009/10/30 v1.6 Font defs for Latin Modern
)
LaTeX Font Info:    Font shape `T1/lmtt/bx/n' in size <10> not available
(Font)              Font shape `T1/lmtt/b/n' tried instead on input line 9.
) [4

]
\openout4 = `lec04.vrb'.

(lec04.vrb)
Overfull \vbox (146.68007pt too high) detected at line 216
 []

[5

]
\openout4 = `lec04.vrb'.

(lec04.vrb
LaTeX Font Info:    Trying to load font information for TS1+lmtt on input line 
9.
("C:\Program Files\MiKTeX 2.9\tex/latex/lm\ts1lmtt.fd"
File: ts1lmtt.fd 2009/10/30 v1.6 Font defs for Latin Modern
)) [6

]
\openout4 = `lec04.vrb'.

(lec04.vrb
Overfull \hbox (39.05353pt too wide) in paragraph at lines 103--103
[]\T1/lmtt/m/n/10 ## Warning in text.default(res$queue[i], i, paste0("<U+2653> 
", i), col =[] 
 []

Missing character: There is no  in font ts1-lmtt10!

Overfull \hbox (86.30339pt too wide) in paragraph at lines 103--103
[]\T1/lmtt/m/n/10 ## "skyblue3", : conversion failure on \TS1/lmtt/m/n/10 '\T1/
lmtt/m/n/10  1\TS1/lmtt/m/n/10 ' \T1/lmtt/m/n/10 in \TS1/lmtt/m/n/10 '\T1/lmt
t/m/n/10 mbcsToSbcs\TS1/lmtt/m/n/10 '\T1/lmtt/m/n/10 : dot substituted for[] 
 []


Overfull \hbox (39.05353pt too wide) in paragraph at lines 103--103
[]\T1/lmtt/m/n/10 ## Warning in text.default(res$queue[i], i, paste0("<U+2653> 
", i), col =[] 
 []

Missing character: There is no  in font ts1-lmtt10!

Overfull \hbox (86.30339pt too wide) in paragraph at lines 103--103
[]\T1/lmtt/m/n/10 ## "skyblue3", : conversion failure on \TS1/lmtt/m/n/10 '\T1/
lmtt/m/n/10  1\TS1/lmtt/m/n/10 ' \T1/lmtt/m/n/10 in \TS1/lmtt/m/n/10 '\T1/lmt
t/m/n/10 mbcsToSbcs\TS1/lmtt/m/n/10 '\T1/lmtt/m/n/10 : dot substituted for[] 
 []


Overfull \hbox (39.05353pt too wide) in paragraph at lines 103--103
[]\T1/lmtt/m/n/10 ## Warning in text.default(res$queue[i], i, paste0("<U+2653> 
", i), col =[] 
 []

Missing character: There is no  in font ts1-lmtt10!

Overfull \hbox (86.30339pt too wide) in paragraph at lines 103--103
[]\T1/lmtt/m/n/10 ## "skyblue3", : conversion failure on \TS1/lmtt/m/n/10 '\T1/
lmtt/m/n/10  1\TS1/lmtt/m/n/10 ' \T1/lmtt/m/n/10 in \TS1/lmtt/m/n/10 '\T1/lmt
t/m/n/10 mbcsToSbcs\TS1/lmtt/m/n/10 '\T1/lmtt/m/n/10 : dot substituted for[] 
 []


Overfull \hbox (39.05353pt too wide) in paragraph at lines 103--103
[]\T1/lmtt/m/n/10 ## Warning in text.default(res$queue[i], i, paste0("<U+2653> 
", i), col =[] 
 []


Overfull \hbox (2.30363pt too wide) in paragraph at lines 103--103
[]\T1/lmtt/m/n/10 ## "skyblue3", : font metrics unknown for Unicode character U
+2653[] 
 []


Overfull \hbox (39.05353pt too wide) in paragraph at lines 103--103
[]\T1/lmtt/m/n/10 ## Warning in text.default(res$queue[i], i, paste0("<U+2653> 
", i), col =[] 
 []

Missing character: There is no  in font ts1-lmtt10!

Overfull \hbox (86.30339pt too wide) in paragraph at lines 103--103
[]\T1/lmtt/m/n/10 ## "skyblue3", : conversion failure on \TS1/lmtt/m/n/10 '\T1/
lmtt/m/n/10  2\TS1/lmtt/m/n/10 ' \T1/lmtt/m/n/10 in \TS1/lmtt/m/n/10 '\T1/lmt
t/m/n/10 mbcsToSbcs\TS1/lmtt/m/n/10 '\T1/lmtt/m/n/10 : dot substituted for[] 
 []


Overfull \hbox (39.05353pt too wide) in paragraph at lines 103--103
[]\T1/lmtt/m/n/10 ## Warning in text.default(res$queue[i], i, paste0("<U+2653> 
", i), col =[] 
 []

Missing character: There is no  in font ts1-lmtt10!

Overfull \hbox (86.30339pt too wide) in paragraph at lines 103--103
[]\T1/lmtt/m/n/10 ## "skyblue3", : conversion failure on \TS1/lmtt/m/n/10 '\T1/
lmtt/m/n/10  2\TS1/lmtt/m/n/10 ' \T1/lmtt/m/n/10 in \TS1/lmtt/m/n/10 '\T1/lmt
t/m/n/10 mbcsToSbcs\TS1/lmtt/m/n/10 '\T1/lmtt/m/n/10 : dot substituted for[] 
 []


Overfull \hbox (39.05353pt too wide) in paragraph at lines 103--103
[]\T1/lmtt/m/n/10 ## Warning in text.default(res$queue[i], i, paste0("<U+2653> 
", i), col =[] 
 []

Missing character: There is no  in font ts1-lmtt10!

Overfull \hbox (86.30339pt too wide) in paragraph at lines 103--103
[]\T1/lmtt/m/n/10 ## "skyblue3", : conversion failure on \TS1/lmtt/m/n/10 '\T1/
lmtt/m/n/10  2\TS1/lmtt/m/n/10 ' \T1/lmtt/m/n/10 in \TS1/lmtt/m/n/10 '\T1/lmt
t/m/n/10 mbcsToSbcs\TS1/lmtt/m/n/10 '\T1/lmtt/m/n/10 : dot substituted for[] 
 []


Overfull \hbox (39.05353pt too wide) in paragraph at lines 103--103
[]\T1/lmtt/m/n/10 ## Warning in text.default(res$queue[i], i, paste0("<U+2653> 
", i), col =[] 
 []


Overfull \hbox (2.30363pt too wide) in paragraph at lines 103--103
[]\T1/lmtt/m/n/10 ## "skyblue3", : font metrics unknown for Unicode character U
+2653[] 
 []


Overfull \hbox (39.05353pt too wide) in paragraph at lines 103--103
[]\T1/lmtt/m/n/10 ## Warning in text.default(res$queue[i], i, paste0("<U+2653> 
", i), col =[] 
 []

Missing character: There is no  in font ts1-lmtt10!

Overfull \hbox (86.30339pt too wide) in paragraph at lines 103--103
[]\T1/lmtt/m/n/10 ## "skyblue3", : conversion failure on \TS1/lmtt/m/n/10 '\T1/
lmtt/m/n/10  3\TS1/lmtt/m/n/10 ' \T1/lmtt/m/n/10 in \TS1/lmtt/m/n/10 '\T1/lmt
t/m/n/10 mbcsToSbcs\TS1/lmtt/m/n/10 '\T1/lmtt/m/n/10 : dot substituted for[] 
 []


Overfull \hbox (39.05353pt too wide) in paragraph at lines 103--103
[]\T1/lmtt/m/n/10 ## Warning in text.default(res$queue[i], i, paste0("<U+2653> 
", i), col =[] 
 []

Missing character: There is no  in font ts1-lmtt10!

Overfull \hbox (86.30339pt too wide) in paragraph at lines 103--103
[]\T1/lmtt/m/n/10 ## "skyblue3", : conversion failure on \TS1/lmtt/m/n/10 '\T1/
lmtt/m/n/10  3\TS1/lmtt/m/n/10 ' \T1/lmtt/m/n/10 in \TS1/lmtt/m/n/10 '\T1/lmt
t/m/n/10 mbcsToSbcs\TS1/lmtt/m/n/10 '\T1/lmtt/m/n/10 : dot substituted for[] 
 []


Overfull \hbox (39.05353pt too wide) in paragraph at lines 103--103
[]\T1/lmtt/m/n/10 ## Warning in text.default(res$queue[i], i, paste0("<U+2653> 
", i), col =[] 
 []

Missing character: There is no  in font ts1-lmtt10!

Overfull \hbox (86.30339pt too wide) in paragraph at lines 103--103
[]\T1/lmtt/m/n/10 ## "skyblue3", : conversion failure on \TS1/lmtt/m/n/10 '\T1/
lmtt/m/n/10  3\TS1/lmtt/m/n/10 ' \T1/lmtt/m/n/10 in \TS1/lmtt/m/n/10 '\T1/lmt
t/m/n/10 mbcsToSbcs\TS1/lmtt/m/n/10 '\T1/lmtt/m/n/10 : dot substituted for[] 
 []


Overfull \hbox (39.05353pt too wide) in paragraph at lines 103--103
[]\T1/lmtt/m/n/10 ## Warning in text.default(res$queue[i], i, paste0("<U+2653> 
", i), col =[] 
 []


Overfull \hbox (2.30363pt too wide) in paragraph at lines 103--103
[]\T1/lmtt/m/n/10 ## "skyblue3", : font metrics unknown for Unicode character U
+2653[] 
 []


Overfull \hbox (86.30339pt too wide) in paragraph at lines 103--103
[]\T1/lmtt/m/n/10 ## Warning in text.default(res$qori[i], i, paste0("<U+2653> "
, i), col = "grey", :[] 
 []

Missing character: There is no  in font ts1-lmtt10!

Overfull \hbox (39.05353pt too wide) in paragraph at lines 103--103
[]\T1/lmtt/m/n/10 ## conversion failure on \TS1/lmtt/m/n/10 '\T1/lmtt/m/n/10 
 4\TS1/lmtt/m/n/10 ' \T1/lmtt/m/n/10 in \TS1/lmtt/m/n/10 '\T1/lmtt/m/n/10 mbcsT
oSbcs\TS1/lmtt/m/n/10 '\T1/lmtt/m/n/10 : dot substituted for <e2>[] 
 []


Overfull \hbox (86.30339pt too wide) in paragraph at lines 103--103
[]\T1/lmtt/m/n/10 ## Warning in text.default(res$qori[i], i, paste0("<U+2653> "
, i), col = "grey", :[] 
 []

Missing character: There is no  in font ts1-lmtt10!

Overfull \hbox (39.05353pt too wide) in paragraph at lines 103--103
[]\T1/lmtt/m/n/10 ## conversion failure on \TS1/lmtt/m/n/10 '\T1/lmtt/m/n/10 
 4\TS1/lmtt/m/n/10 ' \T1/lmtt/m/n/10 in \TS1/lmtt/m/n/10 '\T1/lmtt/m/n/10 mbcsT
oSbcs\TS1/lmtt/m/n/10 '\T1/lmtt/m/n/10 : dot substituted for <99>[] 
 []


Overfull \hbox (86.30339pt too wide) in paragraph at lines 103--103
[]\T1/lmtt/m/n/10 ## Warning in text.default(res$qori[i], i, paste0("<U+2653> "
, i), col = "grey", :[] 
 []

Missing character: There is no  in font ts1-lmtt10!

Overfull \hbox (39.05353pt too wide) in paragraph at lines 103--103
[]\T1/lmtt/m/n/10 ## conversion failure on \TS1/lmtt/m/n/10 '\T1/lmtt/m/n/10 
 4\TS1/lmtt/m/n/10 ' \T1/lmtt/m/n/10 in \TS1/lmtt/m/n/10 '\T1/lmtt/m/n/10 mbcsT
oSbcs\TS1/lmtt/m/n/10 '\T1/lmtt/m/n/10 : dot substituted for <93>[] 
 []


Overfull \hbox (86.30339pt too wide) in paragraph at lines 103--103
[]\T1/lmtt/m/n/10 ## Warning in text.default(res$qori[i], i, paste0("<U+2653> "
, i), col = "grey", :[] 
 []


Overfull \hbox (39.05353pt too wide) in paragraph at lines 103--103
[]\T1/lmtt/m/n/10 ## Warning in text.default(res$queue[i], i, paste0("<U+2653> 
", i), col =[] 
 []

Missing character: There is no  in font ts1-lmtt10!

Overfull \hbox (86.30339pt too wide) in paragraph at lines 103--103
[]\T1/lmtt/m/n/10 ## "skyblue3", : conversion failure on \TS1/lmtt/m/n/10 '\T1/
lmtt/m/n/10  5\TS1/lmtt/m/n/10 ' \T1/lmtt/m/n/10 in \TS1/lmtt/m/n/10 '\T1/lmt
t/m/n/10 mbcsToSbcs\TS1/lmtt/m/n/10 '\T1/lmtt/m/n/10 : dot substituted for[] 
 []


Overfull \hbox (39.05353pt too wide) in paragraph at lines 103--103
[]\T1/lmtt/m/n/10 ## Warning in text.default(res$queue[i], i, paste0("<U+2653> 
", i), col =[] 
 []

Missing character: There is no  in font ts1-lmtt10!

Overfull \hbox (86.30339pt too wide) in paragraph at lines 103--103
[]\T1/lmtt/m/n/10 ## "skyblue3", : conversion failure on \TS1/lmtt/m/n/10 '\T1/
lmtt/m/n/10  5\TS1/lmtt/m/n/10 ' \T1/lmtt/m/n/10 in \TS1/lmtt/m/n/10 '\T1/lmt
t/m/n/10 mbcsToSbcs\TS1/lmtt/m/n/10 '\T1/lmtt/m/n/10 : dot substituted for[] 
 []


Overfull \hbox (39.05353pt too wide) in paragraph at lines 103--103
[]\T1/lmtt/m/n/10 ## Warning in text.default(res$queue[i], i, paste0("<U+2653> 
", i), col =[] 
 []

Missing character: There is no  in font ts1-lmtt10!

Overfull \hbox (86.30339pt too wide) in paragraph at lines 103--103
[]\T1/lmtt/m/n/10 ## "skyblue3", : conversion failure on \TS1/lmtt/m/n/10 '\T1/
lmtt/m/n/10  5\TS1/lmtt/m/n/10 ' \T1/lmtt/m/n/10 in \TS1/lmtt/m/n/10 '\T1/lmt
t/m/n/10 mbcsToSbcs\TS1/lmtt/m/n/10 '\T1/lmtt/m/n/10 : dot substituted for[] 
 []


Overfull \hbox (39.05353pt too wide) in paragraph at lines 103--103
[]\T1/lmtt/m/n/10 ## Warning in text.default(res$queue[i], i, paste0("<U+2653> 
", i), col =[] 
 []


Overfull \hbox (2.30363pt too wide) in paragraph at lines 103--103
[]\T1/lmtt/m/n/10 ## "skyblue3", : font metrics unknown for Unicode character U
+2653[] 
 []


Overfull \hbox (86.30339pt too wide) in paragraph at lines 103--103
[]\T1/lmtt/m/n/10 ## Warning in text.default(res$qori[i], i, paste0("<U+2653> "
, i), col = "grey", :[] 
 []

Missing character: There is no  in font ts1-lmtt10!

Overfull \hbox (39.05353pt too wide) in paragraph at lines 103--103
[]\T1/lmtt/m/n/10 ## conversion failure on \TS1/lmtt/m/n/10 '\T1/lmtt/m/n/10 
 6\TS1/lmtt/m/n/10 ' \T1/lmtt/m/n/10 in \TS1/lmtt/m/n/10 '\T1/lmtt/m/n/10 mbcsT
oSbcs\TS1/lmtt/m/n/10 '\T1/lmtt/m/n/10 : dot substituted for <e2>[] 
 []


Overfull \hbox (86.30339pt too wide) in paragraph at lines 103--103
[]\T1/lmtt/m/n/10 ## Warning in text.default(res$qori[i], i, paste0("<U+2653> "
, i), col = "grey", :[] 
 []

Missing character: There is no  in font ts1-lmtt10!

Overfull \hbox (39.05353pt too wide) in paragraph at lines 103--103
[]\T1/lmtt/m/n/10 ## conversion failure on \TS1/lmtt/m/n/10 '\T1/lmtt/m/n/10 
 6\TS1/lmtt/m/n/10 ' \T1/lmtt/m/n/10 in \TS1/lmtt/m/n/10 '\T1/lmtt/m/n/10 mbcsT
oSbcs\TS1/lmtt/m/n/10 '\T1/lmtt/m/n/10 : dot substituted for <99>[] 
 []


Overfull \hbox (86.30339pt too wide) in paragraph at lines 103--103
[]\T1/lmtt/m/n/10 ## Warning in text.default(res$qori[i], i, paste0("<U+2653> "
, i), col = "grey", :[] 
 []

Missing character: There is no  in font ts1-lmtt10!

Overfull \hbox (39.05353pt too wide) in paragraph at lines 103--103
[]\T1/lmtt/m/n/10 ## conversion failure on \TS1/lmtt/m/n/10 '\T1/lmtt/m/n/10 
 6\TS1/lmtt/m/n/10 ' \T1/lmtt/m/n/10 in \TS1/lmtt/m/n/10 '\T1/lmtt/m/n/10 mbcsT
oSbcs\TS1/lmtt/m/n/10 '\T1/lmtt/m/n/10 : dot substituted for <93>[] 
 []


Overfull \hbox (86.30339pt too wide) in paragraph at lines 103--103
[]\T1/lmtt/m/n/10 ## Warning in text.default(res$qori[i], i, paste0("<U+2653> "
, i), col = "grey", :[] 
 []


Overfull \hbox (39.05353pt too wide) in paragraph at lines 103--103
[]\T1/lmtt/m/n/10 ## Warning in text.default(res$queue[i], i, paste0("<U+2653> 
", i), col =[] 
 []

Missing character: There is no  in font ts1-lmtt10!

Overfull \hbox (86.30339pt too wide) in paragraph at lines 103--103
[]\T1/lmtt/m/n/10 ## "skyblue3", : conversion failure on \TS1/lmtt/m/n/10 '\T1/
lmtt/m/n/10  7\TS1/lmtt/m/n/10 ' \T1/lmtt/m/n/10 in \TS1/lmtt/m/n/10 '\T1/lmt
t/m/n/10 mbcsToSbcs\TS1/lmtt/m/n/10 '\T1/lmtt/m/n/10 : dot substituted for[] 
 []


Overfull \hbox (39.05353pt too wide) in paragraph at lines 103--103
[]\T1/lmtt/m/n/10 ## Warning in text.default(res$queue[i], i, paste0("<U+2653> 
", i), col =[] 
 []

Missing character: There is no  in font ts1-lmtt10!

Overfull \hbox (86.30339pt too wide) in paragraph at lines 103--103
[]\T1/lmtt/m/n/10 ## "skyblue3", : conversion failure on \TS1/lmtt/m/n/10 '\T1/
lmtt/m/n/10  7\TS1/lmtt/m/n/10 ' \T1/lmtt/m/n/10 in \TS1/lmtt/m/n/10 '\T1/lmt
t/m/n/10 mbcsToSbcs\TS1/lmtt/m/n/10 '\T1/lmtt/m/n/10 : dot substituted for[] 
 []


Overfull \hbox (39.05353pt too wide) in paragraph at lines 103--103
[]\T1/lmtt/m/n/10 ## Warning in text.default(res$queue[i], i, paste0("<U+2653> 
", i), col =[] 
 []

Missing character: There is no  in font ts1-lmtt10!

Overfull \hbox (86.30339pt too wide) in paragraph at lines 103--103
[]\T1/lmtt/m/n/10 ## "skyblue3", : conversion failure on \TS1/lmtt/m/n/10 '\T1/
lmtt/m/n/10  7\TS1/lmtt/m/n/10 ' \T1/lmtt/m/n/10 in \TS1/lmtt/m/n/10 '\T1/lmt
t/m/n/10 mbcsToSbcs\TS1/lmtt/m/n/10 '\T1/lmtt/m/n/10 : dot substituted for[] 
 []


Overfull \hbox (39.05353pt too wide) in paragraph at lines 103--103
[]\T1/lmtt/m/n/10 ## Warning in text.default(res$queue[i], i, paste0("<U+2653> 
", i), col =[] 
 []


Overfull \hbox (2.30363pt too wide) in paragraph at lines 103--103
[]\T1/lmtt/m/n/10 ## "skyblue3", : font metrics unknown for Unicode character U
+2653[] 
 []


Overfull \hbox (86.30339pt too wide) in paragraph at lines 103--103
[]\T1/lmtt/m/n/10 ## Warning in text.default(res$qori[i], i, paste0("<U+2653> "
, i), col = "grey", :[] 
 []

Missing character: There is no  in font ts1-lmtt10!

Overfull \hbox (39.05353pt too wide) in paragraph at lines 103--103
[]\T1/lmtt/m/n/10 ## conversion failure on \TS1/lmtt/m/n/10 '\T1/lmtt/m/n/10 
 8\TS1/lmtt/m/n/10 ' \T1/lmtt/m/n/10 in \TS1/lmtt/m/n/10 '\T1/lmtt/m/n/10 mbcsT
oSbcs\TS1/lmtt/m/n/10 '\T1/lmtt/m/n/10 : dot substituted for <e2>[] 
 []


Overfull \hbox (86.30339pt too wide) in paragraph at lines 103--103
[]\T1/lmtt/m/n/10 ## Warning in text.default(res$qori[i], i, paste0("<U+2653> "
, i), col = "grey", :[] 
 []

Missing character: There is no  in font ts1-lmtt10!

Overfull \hbox (39.05353pt too wide) in paragraph at lines 103--103
[]\T1/lmtt/m/n/10 ## conversion failure on \TS1/lmtt/m/n/10 '\T1/lmtt/m/n/10 
 8\TS1/lmtt/m/n/10 ' \T1/lmtt/m/n/10 in \TS1/lmtt/m/n/10 '\T1/lmtt/m/n/10 mbcsT
oSbcs\TS1/lmtt/m/n/10 '\T1/lmtt/m/n/10 : dot substituted for <99>[] 
 []


Overfull \hbox (86.30339pt too wide) in paragraph at lines 103--103
[]\T1/lmtt/m/n/10 ## Warning in text.default(res$qori[i], i, paste0("<U+2653> "
, i), col = "grey", :[] 
 []

Missing character: There is no  in font ts1-lmtt10!

Overfull \hbox (39.05353pt too wide) in paragraph at lines 103--103
[]\T1/lmtt/m/n/10 ## conversion failure on \TS1/lmtt/m/n/10 '\T1/lmtt/m/n/10 
 8\TS1/lmtt/m/n/10 ' \T1/lmtt/m/n/10 in \TS1/lmtt/m/n/10 '\T1/lmtt/m/n/10 mbcsT
oSbcs\TS1/lmtt/m/n/10 '\T1/lmtt/m/n/10 : dot substituted for <93>[] 
 []


Overfull \hbox (86.30339pt too wide) in paragraph at lines 103--103
[]\T1/lmtt/m/n/10 ## Warning in text.default(res$qori[i], i, paste0("<U+2653> "
, i), col = "grey", :[] 
 []


Overfull \hbox (86.30339pt too wide) in paragraph at lines 103--103
[]\T1/lmtt/m/n/10 ## Warning in text.default(res$qori[i], i, paste0("<U+2653> "
, i), col = "grey", :[] 
 []

Missing character: There is no  in font ts1-lmtt10!

Overfull \hbox (39.05353pt too wide) in paragraph at lines 103--103
[]\T1/lmtt/m/n/10 ## conversion failure on \TS1/lmtt/m/n/10 '\T1/lmtt/m/n/10 
 9\TS1/lmtt/m/n/10 ' \T1/lmtt/m/n/10 in \TS1/lmtt/m/n/10 '\T1/lmtt/m/n/10 mbcsT
oSbcs\TS1/lmtt/m/n/10 '\T1/lmtt/m/n/10 : dot substituted for <e2>[] 
 []


Overfull \hbox (86.30339pt too wide) in paragraph at lines 103--103
[]\T1/lmtt/m/n/10 ## Warning in text.default(res$qori[i], i, paste0("<U+2653> "
, i), col = "grey", :[] 
 []

Missing character: There is no  in font ts1-lmtt10!

Overfull \hbox (39.05353pt too wide) in paragraph at lines 103--103
[]\T1/lmtt/m/n/10 ## conversion failure on \TS1/lmtt/m/n/10 '\T1/lmtt/m/n/10 
 9\TS1/lmtt/m/n/10 ' \T1/lmtt/m/n/10 in \TS1/lmtt/m/n/10 '\T1/lmtt/m/n/10 mbcsT
oSbcs\TS1/lmtt/m/n/10 '\T1/lmtt/m/n/10 : dot substituted for <99>[] 
 []


Overfull \hbox (86.30339pt too wide) in paragraph at lines 103--103
[]\T1/lmtt/m/n/10 ## Warning in text.default(res$qori[i], i, paste0("<U+2653> "
, i), col = "grey", :[] 
 []

Missing character: There is no  in font ts1-lmtt10!

Overfull \hbox (39.05353pt too wide) in paragraph at lines 103--103
[]\T1/lmtt/m/n/10 ## conversion failure on \TS1/lmtt/m/n/10 '\T1/lmtt/m/n/10 
 9\TS1/lmtt/m/n/10 ' \T1/lmtt/m/n/10 in \TS1/lmtt/m/n/10 '\T1/lmtt/m/n/10 mbcsT
oSbcs\TS1/lmtt/m/n/10 '\T1/lmtt/m/n/10 : dot substituted for <93>[] 
 []


Overfull \hbox (86.30339pt too wide) in paragraph at lines 103--103
[]\T1/lmtt/m/n/10 ## Warning in text.default(res$qori[i], i, paste0("<U+2653> "
, i), col = "grey", :[] 
 []


Overfull \hbox (86.30339pt too wide) in paragraph at lines 103--103
[]\T1/lmtt/m/n/10 ## Warning in text.default(res$qori[i], i, paste0("<U+2653> "
, i), col = "grey", :[] 
 []

Missing character: There is no  in font ts1-lmtt10!

Overfull \hbox (44.30351pt too wide) in paragraph at lines 103--103
[]\T1/lmtt/m/n/10 ## conversion failure on \TS1/lmtt/m/n/10 '\T1/lmtt/m/n/10 
 10\TS1/lmtt/m/n/10 ' \T1/lmtt/m/n/10 in \TS1/lmtt/m/n/10 '\T1/lmtt/m/n/10 mbcs
ToSbcs\TS1/lmtt/m/n/10 '\T1/lmtt/m/n/10 : dot substituted for <e2>[] 
 []


Overfull \hbox (86.30339pt too wide) in paragraph at lines 103--103
[]\T1/lmtt/m/n/10 ## Warning in text.default(res$qori[i], i, paste0("<U+2653> "
, i), col = "grey", :[] 
 []

Missing character: There is no  in font ts1-lmtt10!

Overfull \hbox (44.30351pt too wide) in paragraph at lines 103--103
[]\T1/lmtt/m/n/10 ## conversion failure on \TS1/lmtt/m/n/10 '\T1/lmtt/m/n/10 
 10\TS1/lmtt/m/n/10 ' \T1/lmtt/m/n/10 in \TS1/lmtt/m/n/10 '\T1/lmtt/m/n/10 mbcs
ToSbcs\TS1/lmtt/m/n/10 '\T1/lmtt/m/n/10 : dot substituted for <99>[] 
 []


Overfull \hbox (86.30339pt too wide) in paragraph at lines 103--103
[]\T1/lmtt/m/n/10 ## Warning in text.default(res$qori[i], i, paste0("<U+2653> "
, i), col = "grey", :[] 
 []

Missing character: There is no  in font ts1-lmtt10!

Overfull \hbox (44.30351pt too wide) in paragraph at lines 103--103
[]\T1/lmtt/m/n/10 ## conversion failure on \TS1/lmtt/m/n/10 '\T1/lmtt/m/n/10 
 10\TS1/lmtt/m/n/10 ' \T1/lmtt/m/n/10 in \TS1/lmtt/m/n/10 '\T1/lmtt/m/n/10 mbcs
ToSbcs\TS1/lmtt/m/n/10 '\T1/lmtt/m/n/10 : dot substituted for <93>[] 
 []


Overfull \hbox (86.30339pt too wide) in paragraph at lines 103--103
[]\T1/lmtt/m/n/10 ## Warning in text.default(res$qori[i], i, paste0("<U+2653> "
, i), col = "grey", :[] 
 []


! LaTeX Error: File `lec04_files/figure-beamer/unnamed-chunk-4-1' not found.

See the LaTeX manual or LaTeX Companion for explanation.
Type  H <return>  for immediate help.
 ...                                              
                                                  
l.105 ...4_files/figure-beamer/unnamed-chunk-4-1} 
                                                  \end{center} 
Here is how much of TeX's memory you used:
 23914 strings out of 481252
 434936 string characters out of 2913508
 713314 words of memory out of 3000000
 38853 multiletter control sequences out of 15000+200000
 581804 words of font info for 78 fonts, out of 3000000 for 9000
 1141 hyphenation exceptions out of 8191
 59i,18n,64p,795b,770s stack positions out of 5000i,500n,10000p,200000b,50000s

!  ==> Fatal error occurred, no output PDF file produced!
